12:28:09 [INFO] starting tacky-borders
12:28:09 [INFO] generating default config in C:\Users\sreddy\.config\tacky-borders
12:28:09 [INFO] border is disabled for HWND(0x1074e)
12:28:09 [INFO] border is disabled for HWND(0x906e6)
12:28:09 [INFO] border is disabled for HWND(0x206a6)
12:29:34 [INFO] border is disabled for HWND(0x10250)
12:29:34 [INFO] border is disabled for HWND(0x30256)
12:32:07 [INFO] border is disabled for HWND(0x10250)
12:32:07 [INFO] border is disabled for HWND(0x30256)
12:33:49 [INFO] border is disabled for HWND(0x1074e)
12:33:49 [INFO] border is disabled for HWND(0x906e6)
12:33:49 [INFO] border is disabled for HWND(0x206a6)
12:33:49 [ERROR] received invalid dpi of 0 from GetDpiForWindow for HWND(0xa08ac)
12:33:49 [ERROR] received invalid dpi of 0 from GetDpiForWindow for HWND(0x208d4)
12:37:05 [INFO] border is disabled for HWND(0x10250)
12:37:05 [INFO] border is disabled for HWND(0x30256)
12:37:10 [ERROR] could not get window rect for HWND(0x2085e): The handle is invalid. (0x80070006)
12:37:10 [ERROR] could not get window rect for HWND(0x40812): The handle is invalid. (0x80070006)
12:37:10 [ERROR] could not get window rect for HWND(0x4085e): The handle is invalid. (0x80070006)
12:37:10 [ERROR] could not get window rect for HWND(0x60812): The handle is invalid. (0x80070006)
12:37:12 [INFO] border is disabled for HWND(0x205c2)
12:39:23 [ERROR] could not get window rect for HWND(0x2076e): The handle is invalid. (0x80070006)
12:39:24 [INFO] border is disabled for HWND(0x10250)
12:39:24 [INFO] border is disabled for HWND(0x30256)
12:39:26 [INFO] border is disabled for HWND(0x2070a)
22:45:52 [INFO] starting tacky-borders
22:45:52 [INFO] border is disabled for HWND(0x3010e)
22:45:52 [INFO] border is disabled for HWND(0xa00f4)
22:45:52 [ERROR] could not set window position for HWND(0x80010): Access is denied. (0x80070005)
22:45:52 [ERROR] could not set window position for HWND(0x80010): Access is denied. (0x80070005)
22:47:46 [INFO] border is disabled for HWND(0x10298)
22:47:46 [INFO] border is disabled for HWND(0x3029e)
22:48:09 [INFO] border is disabled for HWND(0x10298)
22:48:09 [INFO] border is disabled for HWND(0x3029e)
22:48:10 [INFO] border is disabled for HWND(0x10298)
22:48:10 [INFO] border is disabled for HWND(0x3029e)
22:48:19 [ERROR] could not get window rect for HWND(0x305c2): The handle is invalid. (0x80070006)
22:48:23 [INFO] border is disabled for HWND(0x10298)
22:48:23 [INFO] border is disabled for HWND(0x3029e)
22:48:30 [INFO] border is disabled for HWND(0x10586)
22:48:33 [INFO] border is disabled for HWND(0x10586)
22:48:33 [INFO] border is disabled for HWND(0x10586)
22:49:31 [INFO] border is disabled for HWND(0x10298)
22:49:31 [INFO] border is disabled for HWND(0x3029e)
22:49:47 [INFO] border is disabled for HWND(0x10586)
22:49:50 [INFO] border is disabled for HWND(0x10586)
22:49:54 [INFO] border is disabled for HWND(0x10586)
22:50:20 [INFO] border is disabled for HWND(0x10586)
22:50:37 [INFO] border is disabled for HWND(0x10586)
22:51:56 [INFO] border is disabled for HWND(0x10586)
22:54:32 [INFO] border is disabled for HWND(0x10586)
22:57:21 [INFO] border is disabled for HWND(0x80774)
00:16:38 [INFO] border is disabled for HWND(0x10298)
00:16:38 [INFO] border is disabled for HWND(0x3029e)
00:16:41 [ERROR] could not get window rect for HWND(0x60654): The handle is invalid. (0x80070006)
00:16:41 [ERROR] could not get window rect for HWND(0x70662): The handle is invalid. (0x80070006)
00:16:41 [ERROR] could not get window rect for HWND(0xb0536): The handle is invalid. (0x80070006)
00:16:59 [INFO] border is disabled for HWND(0x10586)
00:17:00 [INFO] border is disabled for HWND(0x10586)
00:17:02 [INFO] border is disabled for HWND(0x10586)
00:18:52 [ERROR] could not get window rect for HWND(0x70906): The handle is invalid. (0x80070006)
00:19:38 [INFO] border is disabled for HWND(0x10586)
00:24:46 [INFO] border is disabled for HWND(0x10298)
00:24:46 [INFO] border is disabled for HWND(0x3029e)
01:16:00 [INFO] border is disabled for HWND(0x10586)
01:18:25 [INFO] border is disabled for HWND(0x10586)
01:18:25 [INFO] border is disabled for HWND(0x10586)
02:49:45 [INFO] border is disabled for HWND(0x10298)
02:49:45 [INFO] border is disabled for HWND(0x3029e)
02:49:47 [WARN] render_target has been lost; attempting to recreate
02:49:47 [WARN] render_target has been lost; attempting to recreate
02:49:47 [INFO] border is disabled for HWND(0xc0728)
02:49:47 [INFO] successfully recreated render_target; resuming thread
02:49:47 [INFO] successfully recreated render_target; resuming thread
02:49:47 [WARN] render_target has been lost; attempting to recreate
02:49:47 [INFO] successfully recreated render_target; resuming thread
22:39:52 [WARN] render_target has been lost; attempting to recreate
22:39:52 [INFO] successfully recreated render_target; resuming thread
22:39:52 [WARN] render_target has been lost; attempting to recreate
22:39:52 [INFO] successfully recreated render_target; resuming thread
22:39:52 [WARN] render_target has been lost; attempting to recreate
22:39:52 [INFO] successfully recreated render_target; resuming thread
22:39:53 [ERROR] could not get window rect for HWND(0x1b0910): The handle is invalid. (0x80070006)
22:39:53 [ERROR] could not get window rect for HWND(0xb074c): The handle is invalid. (0x80070006)
22:39:53 [ERROR] could not get window rect for HWND(0x1006a2): The handle is invalid. (0x80070006)
22:39:53 [ERROR] could not get window rect for HWND(0xb0940): The handle is invalid. (0x80070006)
22:39:53 [ERROR] could not get window rect for HWND(0x1008e4): The handle is invalid. (0x80070006)
22:39:53 [ERROR] could not get window rect for HWND(0x1f0910): The handle is invalid. (0x80070006)
22:42:37 [INFO] border is disabled for HWND(0x10298)
22:42:37 [INFO] border is disabled for HWND(0x3029e)
22:43:02 [INFO] border is disabled for HWND(0x10298)
22:43:02 [INFO] border is disabled for HWND(0x3029e)
22:43:02 [INFO] border is disabled for HWND(0x10298)
22:43:02 [INFO] border is disabled for HWND(0x3029e)
22:43:03 [INFO] border is disabled for HWND(0x10298)
22:43:03 [INFO] border is disabled for HWND(0x3029e)
22:43:25 [ERROR] could not get window rect for HWND(0x605c4): The handle is invalid. (0x80070006)
22:43:37 [INFO] border is disabled for HWND(0x10586)
22:43:40 [INFO] border is disabled for HWND(0x10586)
22:43:41 [WARN] render_target has been lost; attempting to recreate
22:43:41 [INFO] successfully recreated render_target; resuming thread
22:43:46 [INFO] border is disabled for HWND(0x10298)
22:43:46 [INFO] border is disabled for HWND(0x3029e)
22:43:48 [INFO] border is disabled for HWND(0x10586)
22:44:02 [INFO] border is disabled for HWND(0x10586)
22:44:06 [INFO] border is disabled for HWND(0x10586)
22:44:07 [INFO] border is disabled for HWND(0x10586)
22:44:09 [INFO] border is disabled for HWND(0x10586)
22:44:10 [INFO] border is disabled for HWND(0x10586)
22:44:15 [INFO] border is disabled for HWND(0x10586)
22:44:36 [INFO] border is disabled for HWND(0x605a4)
22:47:48 [INFO] border is disabled for HWND(0x10298)
22:47:48 [INFO] border is disabled for HWND(0x3029e)
22:47:51 [INFO] border is disabled for HWND(0x10298)
22:47:51 [INFO] border is disabled for HWND(0x3029e)
22:50:21 [INFO] border is disabled for HWND(0x10586)
22:50:24 [ERROR] could not check for changes in config dir: The I/O operation has been aborted because of either a thread exit or an application request. (0x800703E3)
22:50:24 [INFO] exiting tacky-borders
00:10:16 [INFO] starting tacky-borders
00:10:16 [INFO] border is disabled for HWND(0x3010e)
00:10:16 [INFO] border is disabled for HWND(0xa00f4)
00:12:49 [INFO] border is disabled for HWND(0x10298)
00:12:49 [INFO] border is disabled for HWND(0x3029e)
00:12:52 [ERROR] could not get window rect for HWND(0x170a08): The handle is invalid. (0x80070006)
00:12:52 [ERROR] could not get window rect for HWND(0x100602): The handle is invalid. (0x80070006)
00:12:52 [ERROR] could not get window rect for HWND(0x190a08): The handle is invalid. (0x80070006)
00:31:47 [ERROR] could not get window rect for HWND(0x1d09e6): The handle is invalid. (0x80070006)
00:31:56 [ERROR] could not get window rect for HWND(0x5c0a08): The handle is invalid. (0x80070006)
00:32:03 [ERROR] could not get window rect for HWND(0x190420): The handle is invalid. (0x80070006)
00:32:12 [ERROR] could not get window rect for HWND(0x610a08): The handle is invalid. (0x80070006)
00:32:29 [ERROR] could not get window rect for HWND(0x2009e6): The handle is invalid. (0x80070006)
00:32:41 [ERROR] could not get window rect for HWND(0x2209e6): The handle is invalid. (0x80070006)
00:34:18 [ERROR] could not get window rect for HWND(0x22033e): The handle is invalid. (0x80070006)
00:34:18 [ERROR] could not get window rect for HWND(0x340984): The handle is invalid. (0x80070006)
00:34:18 [ERROR] could not get window rect for HWND(0x1306f2): The handle is invalid. (0x80070006)
00:34:18 [ERROR] could not get window rect for HWND(0x2706be): The handle is invalid. (0x80070006)
00:34:18 [ERROR] could not get window rect for HWND(0xc0ab4): The handle is invalid. (0x80070006)
00:34:18 [ERROR] could not get window rect for HWND(0x23033e): The handle is invalid. (0x80070006)
00:34:18 [ERROR] could not get window rect for HWND(0xd0ab4): The handle is invalid. (0x80070006)
00:34:18 [ERROR] could not get window rect for HWND(0x1406f2): The handle is invalid. (0x80070006)
00:34:18 [ERROR] could not get window rect for HWND(0x24033e): The handle is invalid. (0x80070006)
00:34:18 [ERROR] could not get window rect for HWND(0xc0418): The handle is invalid. (0x80070006)
00:34:18 [ERROR] could not get window rect for HWND(0x2406d6): The handle is invalid. (0x80070006)
00:34:18 [ERROR] could not get window rect for HWND(0xe0ab4): The handle is invalid. (0x80070006)
00:34:18 [ERROR] could not get window rect for HWND(0x25033e): The handle is invalid. (0x80070006)
00:34:18 [ERROR] could not get window rect for HWND(0x2506d6): The handle is invalid. (0x80070006)
00:34:18 [ERROR] could not get window rect for HWND(0x40088): The handle is invalid. (0x80070006)
00:34:18 [ERROR] could not get window rect for HWND(0x270972): The handle is invalid. (0x80070006)
00:34:18 [ERROR] could not get window rect for HWND(0x1806ea): The handle is invalid. (0x80070006)
00:34:18 [ERROR] could not get window rect for HWND(0xf0ab4): The handle is invalid. (0x80070006)
00:34:18 [ERROR] could not get window rect for HWND(0x2e093c): The handle is invalid. (0x80070006)
00:34:18 [ERROR] could not get window rect for HWND(0x50088): The handle is invalid. (0x80070006)
00:34:18 [ERROR] could not get window rect for HWND(0x40a92): The handle is invalid. (0x80070006)
00:34:18 [ERROR] could not get window rect for HWND(0x1906ea): The handle is invalid. (0x80070006)
00:34:18 [ERROR] could not get window rect for HWND(0x100ab4): The handle is invalid. (0x80070006)
00:34:18 [ERROR] could not get window rect for HWND(0x60088): The handle is invalid. (0x80070006)
00:34:18 [ERROR] could not get window rect for HWND(0x60a2e): The handle is invalid. (0x80070006)
00:34:18 [ERROR] could not get window rect for HWND(0x76099c): The handle is invalid. (0x80070006)
00:35:07 [INFO] border is disabled for HWND(0x10586)
00:35:11 [INFO] border is disabled for HWND(0x10586)
00:35:31 [INFO] border is disabled for HWND(0x10298)
00:35:31 [INFO] border is disabled for HWND(0x3029e)
00:36:08 [INFO] border is disabled for HWND(0x10586)
00:36:09 [INFO] border is disabled for HWND(0x10586)
00:55:53 [ERROR] could not get window rect for HWND(0xed093a): The handle is invalid. (0x80070006)
00:56:08 [ERROR] could not get window rect for HWND(0xf400c2): The handle is invalid. (0x80070006)
00:56:18 [ERROR] could not get window rect for HWND(0xc50a96): The handle is invalid. (0x80070006)
00:56:19 [ERROR] could not get window rect for HWND(0x1d20908): The handle is invalid. (0x80070006)
00:59:06 [ERROR] could not get window rect for HWND(0x1d038a): The handle is invalid. (0x80070006)
00:59:08 [ERROR] could not get window rect for HWND(0x2330a5a): The handle is invalid. (0x80070006)
00:59:14 [ERROR] could not get window rect for HWND(0x6a0ab6): The handle is invalid. (0x80070006)
01:22:18 [ERROR] could not get window rect for HWND(0x840a6c): The handle is invalid. (0x80070006)
01:22:34 [ERROR] could not get window rect for HWND(0xbd0ae6): The handle is invalid. (0x80070006)
01:22:44 [ERROR] could not get window rect for HWND(0x1ba0a96): The handle is invalid. (0x80070006)
01:22:47 [ERROR] could not get window rect for HWND(0x12d0a26): The handle is invalid. (0x80070006)
01:22:48 [ERROR] could not get window rect for HWND(0xc00ae6): The handle is invalid. (0x80070006)
01:22:49 [ERROR] could not get window rect for HWND(0x8a0a6c): The handle is invalid. (0x80070006)
01:23:00 [ERROR] could not get window rect for HWND(0x1330a26): The handle is invalid. (0x80070006)
01:23:02 [ERROR] could not get window rect for HWND(0xc30ae6): The handle is invalid. (0x80070006)
01:24:48 [ERROR] could not get window rect for HWND(0x3480a26): The handle is invalid. (0x80070006)
01:25:37 [ERROR] could not get window rect for HWND(0x4990acc): The handle is invalid. (0x80070006)
01:34:24 [ERROR] could not get window rect for HWND(0x21f0afc): The handle is invalid. (0x80070006)
01:35:09 [ERROR] could not get window rect for HWND(0xda009e): The handle is invalid. (0x80070006)
01:35:11 [ERROR] could not get window rect for HWND(0xc90a6c): The handle is invalid. (0x80070006)
01:35:51 [ERROR] could not get window rect for HWND(0xca0a6c): The handle is invalid. (0x80070006)
01:35:54 [ERROR] could not get window rect for HWND(0xe10afa): The handle is invalid. (0x80070006)
01:35:57 [ERROR] could not get window rect for HWND(0xe0009e): The handle is invalid. (0x80070006)
01:36:48 [ERROR] could not get window rect for HWND(0x1aa08cc): The handle is invalid. (0x80070006)
01:36:51 [ERROR] could not get window rect for HWND(0xce0a6c): The handle is invalid. (0x80070006)
01:36:52 [ERROR] could not get window rect for HWND(0x22d0afc): The handle is invalid. (0x80070006)
01:36:53 [ERROR] could not get window rect for HWND(0x4dd0acc): The handle is invalid. (0x80070006)
01:36:54 [ERROR] could not get window rect for HWND(0xd10a6c): The handle is invalid. (0x80070006)
01:36:56 [ERROR] could not get window rect for HWND(0x2300afc): The handle is invalid. (0x80070006)
01:36:57 [ERROR] could not get window rect for HWND(0x10c069c): The handle is invalid. (0x80070006)
01:37:16 [ERROR] could not get window rect for HWND(0x1160a6c): The handle is invalid. (0x80070006)
01:37:47 [ERROR] could not get window rect for HWND(0x2440ae6): The handle is invalid. (0x80070006)
01:41:07 [ERROR] could not get window rect for HWND(0x21a0ab6): The handle is invalid. (0x80070006)
01:41:14 [ERROR] could not get window rect for HWND(0x1840310): The handle is invalid. (0x80070006)
01:41:15 [ERROR] could not get window rect for HWND(0x2ae0ada): The handle is invalid. (0x80070006)
01:41:18 [ERROR] could not get window rect for HWND(0x810a5e): The handle is invalid. (0x80070006)
01:41:19 [ERROR] could not get window rect for HWND(0x1c6072e): The handle is invalid. (0x80070006)
01:41:21 [ERROR] could not get window rect for HWND(0x16f009e): The handle is invalid. (0x80070006)
01:46:46 [ERROR] could not get window rect for HWND(0x2310ab6): The handle is invalid. (0x80070006)
01:55:17 [INFO] border is disabled for HWND(0x10586)
01:56:05 [INFO] config.yaml has changed; reloading borders
01:56:05 [INFO] border is disabled for HWND(0x3008da)
01:56:05 [INFO] border is disabled for HWND(0x3010e)
01:56:05 [INFO] border is disabled for HWND(0xa00f4)
01:56:05 [ERROR] received invalid dpi of 0 from GetDpiForWindow for HWND(0x250a12)
