Window class: 
Window class: 
Window 55716f9232a0 -> *doom*:
	mapped: 1
	hidden: 0
	at: 962,26
	size: 956,1052
	workspace: 2 (2)
	floating: 0
	pseudo: 0
	monitor: 0
	class: Emacs
	title: *doom*
	initialClass: Emacs
	initialTitle: killscript.sh
	pid: 158757
	xwayland: 1
	pinned: 0
	fullscreen: 0
	fullscreenClient: 0
	grouped: 0
	tags: 
	swallowing: 0
	focusHistoryID: 0
	inhibitingIdle: 0
	xdgTag: 
	xdgDescription: 


---
Window class: 
Window class: 'Emacs'
Blocked Emacs
Window class: 'Emacs'
Blocked Emacs
Window class: 'zen'
