GIVEN_SPECIAL_WORKSPACE='floatingterminal'
ACTIVE_SPECIAL=''
GIVEN_SPECIAL_WORKSPACE='floatingterminal'
ACTIVE_SPECIAL='floatingterminal'
GIVEN_SPECIAL_WORKSPACE='floatingterminal'
ACTIVE_SPECIAL=''
GIVEN_SPECIAL_WORKSPACE='floatingterminal'
ACTIVE_SPECIAL='floatingterminal'
GIVEN_SPECIAL_WORKSPACE='floatingterminal'
ACTIVE_SPECIAL=''
GIVEN_SPECIAL_WORKSPACE='floatingterminal'
ACTIVE_SPECIAL='floatingterminal'
GIVEN_SPECIAL_WORKSPACE='floatingterminal'
ACTIVE_SPECIAL=''
GIVEN_SPECIAL_WORKSPACE='floatingterminal'
ACTIVE_SPECIAL='floatingterminal'
GIVEN_SPECIAL_WORKSPACE='floatingterminal'
ACTIVE_SPECIAL=''
GIVEN_SPECIAL_WORKSPACE='floatingterminal'
ACTIVE_SPECIAL='floatingterminal'
GIVEN_SPECIAL_WORKSPACE='media'
ACTIVE_SPECIAL=''
GIVEN_SPECIAL_WORKSPACE='floatingterminal'
ACTIVE_SPECIAL='media'
GIVEN_SPECIAL_WORKSPACE='floatingterminal'
ACTIVE_SPECIAL='media'
GIVEN_SPECIAL_WORKSPACE='floatingterminal'
ACTIVE_SPECIAL=''
GIVEN_SPECIAL_WORKSPACE='floatingterminal'
ACTIVE_SPECIAL='floatingterminal'
GIVEN_SPECIAL_WORKSPACE='floatingterminal'
ACTIVE_SPECIAL=''
GIVEN_SPECIAL_WORKSPACE='floatingterminal'
ACTIVE_SPECIAL='floatingterminal'
GIVEN_SPECIAL_WORKSPACE='floatingterminal'
ACTIVE_SPECIAL=''
GIVEN_SPECIAL_WORKSPACE='floatingterminal'
ACTIVE_SPECIAL=''
GIVEN_SPECIAL_WORKSPACE='floatingterminal'
ACTIVE_SPECIAL=''
